
2016-06-21 18:26:12-0700 [-] LockHandler on Leech(player 1): access type 'examine' changed from 'examine:perm(Wizards)' to 'examine:perm(Wizards)' 
LockHandler on Leech(player 1): access type 'edit' changed from 'edit:perm(Wizards)' to 'edit:perm(Wizards)' 
LockHandler on Leech(player 1): access type 'delete' changed from 'delete:perm(Wizards)' to 'delete:perm(Wizards)' 
LockHandler on Leech(player 1): access type 'boot' changed from 'boot:perm(Wizards)' to 'boot:perm(Wizards)' 
LockHandler on Leech(player 1): access type 'msg' changed from 'msg:all()' to 'msg:all()'
2016-06-21 18:26:12-0700 [-] LockHandler on Leech(player 1): access type 'examine' changed from 'examine:perm(Wizards)' to 'examine:perm(Immortals)' 
LockHandler on Leech(player 1): access type 'edit' changed from 'edit:perm(Wizards)' to 'edit:false()' 
LockHandler on Leech(player 1): access type 'delete' changed from 'delete:perm(Wizards)' to 'delete:false()' 
LockHandler on Leech(player 1): access type 'boot' changed from 'boot:perm(Wizards)' to 'boot:false()' 
LockHandler on Leech(player 1): access type 'msg' changed from 'msg:all()' to 'msg:all()'
2016-06-21 18:26:12-0700 [-] LockHandler on Leech: access type 'get' changed from 'get:all()' to 'get:false()' 
LockHandler on Leech: access type 'call' changed from 'call:true()' to 'call:false()'
2016-06-21 18:26:12-0700 [-] LockHandler on Leech: access type 'examine' changed from 'examine:perm(Builders)' to 'examine:perm(Immortals)' 
LockHandler on Leech: access type 'edit' changed from 'edit:perm(Wizards)' to 'edit:false()' 
LockHandler on Leech: access type 'delete' changed from 'delete:perm(Wizards)' to 'delete:false()' 
LockHandler on Leech: access type 'puppet' changed from 'puppet:pperm(Immortals)' to 'puppet:false()'
2016-06-21 18:26:12-0700 [-] LockHandler on Limbo: access type 'get' changed from 'get:all()' to 'get:false()' 
LockHandler on Limbo: access type 'puppet' changed from 'puppet:pperm(Immortals)' to 'puppet:false()'
2016-06-27 21:11:43-0700 [-] LockHandler on Leech: access type 'control' changed from 'control:perm(Immortals)' to 'control:perm(Immortals)' 
LockHandler on Leech: access type 'examine' changed from 'examine:perm(Immortals)' to 'examine:perm(Builders)' 
LockHandler on Leech: access type 'view' changed from 'view:all()' to 'view:all()' 
LockHandler on Leech: access type 'edit' changed from 'edit:false()' to 'edit:perm(Wizards)' 
LockHandler on Leech: access type 'delete' changed from 'delete:false()' to 'delete:perm(Wizards)' 
LockHandler on Leech: access type 'get' changed from 'get:false()' to 'get:all()' 
LockHandler on Leech: access type 'call' changed from 'call:false()' to 'call:true()' 
LockHandler on Leech: access type 'tell' changed from 'tell:perm(Wizards)' to 'tell:perm(Wizards)' 
LockHandler on Leech: access type 'puppet' changed from 'puppet:false()' to 'puppet:pperm(Immortals)'
2016-06-27 21:11:43-0700 [-] LockHandler on Leech: access type 'get' changed from 'get:all()' to 'get:false()' 
LockHandler on Leech: access type 'call' changed from 'call:true()' to 'call:false()'
2016-07-04 11:49:07-0700 [-] LockHandler on tester: access type 'get' changed from 'get:all()' to 'get:false()' 
LockHandler on tester: access type 'call' changed from 'call:true()' to 'call:false()'
2016-07-04 11:49:07-0700 [-] LockHandler on tester: access type 'puppet' changed from 'puppet:pperm(Immortals)' to 'puppet:id(3) or pid(2) or perm(Immortals) or pperm(Immortals)'
2016-07-04 17:52:21-0700 [-] LockHandler on Abel: access type 'get' changed from 'get:all()' to 'get:false()' 
LockHandler on Abel: access type 'call' changed from 'call:true()' to 'call:false()'
2016-07-04 17:52:21-0700 [-] LockHandler on Abel: access type 'puppet' changed from 'puppet:pperm(Immortals)' to 'puppet:id(4) or pid(4) or perm(Immortals) or pperm(Immortals)'
2016-07-13 14:32:55-0700 [-] LockHandler on Bobby: access type 'get' changed from 'get:all()' to 'get:false()' 
LockHandler on Bobby: access type 'call' changed from 'call:true()' to 'call:false()'
2016-07-13 14:32:55-0700 [-] LockHandler on Bobby: access type 'puppet' changed from 'puppet:pperm(Immortals)' to 'puppet:id(5) or pid(5) or perm(Immortals) or pperm(Immortals)'